<?xml version="1.0" encoding="UTF-8"?>
<!-- Generated by org.testng.reporters.JUnitReportReporter -->
<testsuite hostname="DESKTOP-KIS4N2E" failures="0" tests="1" name="myTest.Test1" time="7.641" errors="0" timestamp="2023-06-23T13:40:08 IST" skipped="0">
  <testcase classname="myTest.Test1" name="flipkart" time="7.641"/>
</testsuite> <!-- myTest.Test1 -->
